[20:52:43] [ServerMain/INFO]: [bootstrap] Running Java 21 (OpenJDK 64-Bit Server VM 21.0.4+7-Ubuntu-1ubuntu220.04; Ubuntu null) on Linux 5.4.0-105-generic (amd64)
[20:52:43] [ServerMain/INFO]: [bootstrap] Loading Paper 1.21.1-131-ver/1.21.1@84281ce (2024-10-31T17:43:44Z) for Minecraft 1.21.1
[20:52:44] [ServerMain/INFO]: [PluginInitializerManager] Initializing plugins...
[20:52:45] [ServerMain/INFO]: [PluginInitializerManager] Initialized 25 plugins
[20:52:45] [ServerMain/INFO]: [PluginInitializerManager] Paper plugins (1):
 - EconomyShopGUI (6.9.0)
[20:52:45] [ServerMain/INFO]: [PluginInitializerManager] Bukkit plugins (24):
 - Chunky (1.4.10), CoinsEngine (2.4.0), CrazyAuctions (1.5.1), DecentHolograms (2.8.11), Essentials (2.21.0-dev+121-f7a8f86), EssentialsChat (2.21.0-dev+121-f7a8f86), EssentialsDiscord (2.21.0-dev+121-f7a8f86), EssentialsSpawn (2.21.0-dev+121-f7a8f86), ExcellentCrates (5.3.4), LuckPerms (5.4.145), Multiverse-Core (4.3.13), NBTAPI (2.14.0), PlaceholderAPI (2.11.6), ServersNPC (4.8), SimpleGems (3.7.0), SimpleScore (3.12.5), Skript (2.9.4), TabList (5.7.7), Vault (1.7.3-b131), ViaBackwards (5.1.1), ViaVersion (5.1.1), WorldEdit (7.3.8+6939-7d32b45), WorldGuard (7.0.12+829a4a4), nightcore (2.7.0)
[20:52:52] [ServerMain/WARN]: resource-pack-id missing, using default of 3bcb7ffe-230e-365a-bcf3-2649d07da24a
[20:52:52] [ServerMain/INFO]: Environment: Environment[sessionHost=https://sessionserver.mojang.com, servicesHost=https://api.minecraftservices.com, name=PROD]
[20:52:54] [ServerMain/INFO]: Loaded 1290 recipes
[20:52:55] [ServerMain/INFO]: Loaded 1399 advancements
[20:52:55] [Server thread/INFO]: Starting minecraft server version 1.21.1
[20:52:55] [Server thread/WARN]: ****************************
[20:52:55] [Server thread/WARN]: YOU ARE RUNNING THIS SERVER AS AN ADMINISTRATIVE OR ROOT USER. THIS IS NOT ADVISED.
[20:52:55] [Server thread/WARN]: YOU ARE OPENING YOURSELF UP TO POTENTIAL RISKS WHEN DOING THIS.
[20:52:55] [Server thread/WARN]: FOR MORE INFORMATION, SEE https://madelinemiller.dev/blog/root-minecraft-server/
[20:52:55] [Server thread/WARN]: ****************************
[20:52:55] [Server thread/INFO]: Loading properties
[20:52:55] [Server thread/INFO]: This server is running Paper version 1.21.1-131-ver/1.21.1@84281ce (2024-10-31T17:43:44Z) (Implementing API version 1.21.1-R0.1-SNAPSHOT)
[20:52:56] [Server thread/INFO]: [spark] This server bundles the spark profiler. For more information please visit https://docs.papermc.io/paper/profiling
[20:52:57] [Server thread/INFO]: Server Ping Player Sample Count: 12
[20:52:57] [Server thread/INFO]: Using 4 threads for Netty based IO
[20:52:57] [Server thread/INFO]: [ChunkTaskScheduler] Chunk system is using 1 I/O threads, 1 worker threads, and population gen parallelism of 1 threads
[20:52:58] [Server thread/INFO]: Default game type: SURVIVAL
[20:52:58] [Server thread/INFO]: Generating keypair
[20:52:58] [Server thread/INFO]: Starting Minecraft server on *:25565
[20:52:58] [Server thread/INFO]: Using epoll channel type
[20:52:58] [Server thread/INFO]: Paper: Using libdeflate (Linux x86_64) compression from Velocity.
[20:52:58] [Server thread/INFO]: Paper: Using OpenSSL 1.1.x (Linux x86_64) cipher from Velocity.
[20:52:59] [Server thread/INFO]: [SpigotLibraryLoader] [nightcore] Loading 2 libraries... please wait
[20:52:59] [Server thread/INFO]: [SpigotLibraryLoader] [nightcore] Loaded library /root/mcserver2/libraries/com/zaxxer/HikariCP/6.0.0/HikariCP-6.0.0.jar
[20:52:59] [Server thread/INFO]: [SpigotLibraryLoader] [nightcore] Loaded library /root/mcserver2/libraries/org/slf4j/slf4j-api/1.7.36/slf4j-api-1.7.36.jar
[20:52:59] [Server thread/INFO]: [SpigotLibraryLoader] [nightcore] Loaded library /root/mcserver2/libraries/it/unimi/dsi/fastutil-core/8.5.13/fastutil-core-8.5.13.jar
[20:52:59] [Server thread/INFO]: [nightcore] Server version detected as Paper 1.21.1.
[20:52:59] [Server thread/INFO]: [nightcore] [Core Components] ENTITY_ID_GENERATOR: Loaded
[20:52:59] [Server thread/INFO]: [nightcore] [Core Components] ITEM_NBT_COMPRESSOR: Loaded
[20:53:00] [Server thread/INFO]: [ViaVersion] Loading server plugin ViaVersion v5.1.1
[20:53:00] [Server thread/INFO]: [ViaVersion] ViaVersion 5.1.1 is now loaded. Registering protocol transformers and injecting...
[20:53:01] [Via-Mappingloader-0/INFO]: [ViaVersion] Loading block connection mappings ...
[20:53:01] [Via-Mappingloader-0/INFO]: [ViaVersion] Using FastUtil Long2ObjectOpenHashMap for block connections
[20:53:01] [Server thread/INFO]: [ViaBackwards] Loading translations...
[20:53:02] [Server thread/INFO]: [ViaBackwards] Registering protocols...
[20:53:03] [Server thread/INFO]: [LuckPerms] Loading server plugin LuckPerms v5.4.145
[20:53:03] [Server thread/INFO]: [Vault] Loading server plugin Vault v1.7.3-b131
[20:53:03] [Server thread/INFO]: [WorldEdit] Loading server plugin WorldEdit v7.3.8+6939-7d32b45
[20:53:05] [Server thread/INFO]: Got request to register class com.sk89q.worldedit.bukkit.BukkitServerInterface with WorldEdit [com.sk89q.worldedit.extension.platform.PlatformManager@13ca292]
[20:53:05] [Server thread/INFO]: [Essentials] Loading server plugin Essentials v2.21.0-dev+121-f7a8f86
[20:53:05] [Server thread/INFO]: [PlaceholderAPI] Loading server plugin PlaceholderAPI v2.11.6
[20:53:05] [Server thread/INFO]: [nightcore] Loading server plugin nightcore v2.7.0
[20:53:05] [Server thread/INFO]: [WorldGuard] Loading server plugin WorldGuard v7.0.12+829a4a4
[20:53:05] [Server thread/INFO]: [NBTAPI] Loading server plugin NBTAPI v2.14.0
[20:53:05] [Server thread/INFO]: [NBTAPI] [NBTAPI] Found Minecraft: 1.21.1! Trying to find NMS support
[20:53:05] [Server thread/INFO]: [NBTAPI] [NBTAPI] NMS support 'MC1_21_R1' loaded!
[20:53:05] [Server thread/INFO]: [NBTAPI] [NBTAPI] Using the plugin 'NBTAPI' to create a bStats instance!
[20:53:05] [Server thread/INFO]: [EssentialsChat] Loading server plugin EssentialsChat v2.21.0-dev+121-f7a8f86
[20:53:05] [Server thread/INFO]: [Multiverse-Core] Loading server plugin Multiverse-Core v4.3.13
[20:53:05] [Server thread/INFO]: [CoinsEngine] Loading server plugin CoinsEngine v2.4.0
[20:53:05] [Server thread/INFO]: [ViaBackwards] Loading server plugin ViaBackwards v5.1.1
[20:53:05] [Server thread/INFO]: [ServersNPC] Loading server plugin ServersNPC v4.8
[20:53:05] [Server thread/INFO]: [Skript] Loading server plugin Skript v2.9.4
[20:53:05] [Server thread/INFO]: [SimpleGems] Loading server plugin SimpleGems v3.7.0
[20:53:05] [Server thread/INFO]: [EssentialsDiscord] Loading server plugin EssentialsDiscord v2.21.0-dev+121-f7a8f86
[20:53:05] [Server thread/INFO]: [CrazyAuctions] Loading server plugin CrazyAuctions v1.5.1
[20:53:05] [Server thread/INFO]: [TabList] Loading server plugin TabList v5.7.7
[20:53:05] [Server thread/INFO]: [ExcellentCrates] Loading server plugin ExcellentCrates v5.3.4
[20:53:05] [Server thread/INFO]: [Chunky] Loading server plugin Chunky v1.4.10
[20:53:05] [Server thread/INFO]: [SimpleScore] Loading server plugin SimpleScore v3.12.5
[20:53:05] [Thread-7/INFO]: [NBTAPI] [NBTAPI] The NBT-API seems to be up-to-date!
[20:53:05] [Server thread/INFO]: [DecentHolograms] Loading server plugin DecentHolograms v2.8.11
[20:53:05] [Server thread/INFO]: [EssentialsSpawn] Loading server plugin EssentialsSpawn v2.21.0-dev+121-f7a8f86
[20:53:05] [Server thread/INFO]: [EconomyShopGUI] Loading server plugin EconomyShopGUI v6.9.0
[20:53:05] [Server thread/INFO]: Server permissions file permissions.yml is empty, ignoring it
[20:53:05] [Server thread/INFO]: [LuckPerms] Enabling LuckPerms v5.4.145
[20:53:07] [Server thread/INFO]:         __    
[20:53:07] [Server thread/INFO]:   |    |__)   LuckPerms v5.4.145
[20:53:07] [Server thread/INFO]:   |___ |      Running on Bukkit - Paper
[20:53:07] [Server thread/INFO]: 
[20:53:07] [Server thread/INFO]: [LuckPerms] Loading configuration...
[20:53:07] [Server thread/INFO]: [LuckPerms] Loading storage provider... [H2]
[20:53:08] [Server thread/INFO]: [LuckPerms] Loading internal permission managers...
[20:53:09] [Server thread/INFO]: [LuckPerms] Performing initial data load...
[20:53:09] [Server thread/INFO]: [LuckPerms] Successfully enabled. (took 3729ms)
[20:53:09] [Server thread/INFO]: [Vault] Enabling Vault v1.7.3-b131
[20:53:09] [Server thread/INFO]: [Vault] [Economy] Essentials Economy found: Waiting
[20:53:09] [Server thread/INFO]: [Vault] [Permission] SuperPermissions loaded as backup permission system.
[20:53:10] [Server thread/INFO]: [Vault] Enabled Version 1.7.3-b131
[20:53:10] [Server thread/INFO]: [LuckPerms] Registered Vault permission & chat hook.
[20:53:10] [Server thread/INFO]: [WorldEdit] Enabling WorldEdit v7.3.8+6939-7d32b45
[20:53:10] [Server thread/INFO]: Registering commands with com.sk89q.worldedit.bukkit.BukkitServerInterface
[20:53:10] [Server thread/INFO]: WEPIF: Vault detected! Using Vault for permissions
[20:53:10] [Server thread/INFO]: Using com.sk89q.worldedit.bukkit.adapter.impl.v1_21.PaperweightAdapter as the Bukkit adapter
[20:53:13] [Server thread/INFO]: [nightcore] Enabling nightcore v2.7.0
[20:53:13] [Server thread/INFO]: [nightcore] Found permissions provider: LuckPerms
[20:53:13] [Server thread/INFO]: [nightcore] Found economy provider: EssentialsX Economy
[20:53:13] [Server thread/INFO]: [nightcore] Found chat provider: LuckPerms
[20:53:13] [Server thread/INFO]: [nightcore] [DEBUG] Inject post-loading code...
[20:53:13] [Server thread/INFO]: [nightcore] Plugin loaded in 238 ms!
[20:53:13] [Server thread/INFO]: [CoinsEngine] Enabling CoinsEngine v2.4.0
[20:53:13] [Server thread/INFO]: [CoinsEngine] Powered by nightcore
[20:53:13] [Server thread/INFO]: [com.zaxxer.hikari.HikariDataSource] HikariPool-1 - Starting...
[20:53:13] [Server thread/INFO]: [com.zaxxer.hikari.pool.HikariPool] HikariPool-1 - Added connection org.sqlite.jdbc4.JDBC4Connection@126ff47f
[20:53:13] [Server thread/INFO]: [com.zaxxer.hikari.HikariDataSource] HikariPool-1 - Start completed.
[20:53:13] [Server thread/INFO]: [CoinsEngine] Registered: 'coins' currency!
[20:53:13] [Server thread/INFO]: [CoinsEngine] Registered 'money' as Vault Economy!
[20:53:13] [Server thread/INFO]: [CoinsEngine] Registered: 'money' currency!
[20:53:13] [Server thread/INFO]: [CoinsEngine] Detected plugin available for data migration: Vault
[20:53:13] [Server thread/INFO]: [PlaceholderAPI] Successfully registered internal expansion: coinsengine [2.4.0]
[20:53:13] [Server thread/INFO]: [CoinsEngine] [DEBUG] Inject post-loading code...
[20:53:13] [Server thread/INFO]: [CoinsEngine] Plugin loaded in 490 ms!
[20:53:13] [Server thread/INFO]: Preparing level "world"
[20:53:15] [Server thread/INFO]: Preparing start region for dimension minecraft:overworld
[20:53:16] [Server thread/INFO]: Time elapsed: 1480 ms
[20:53:16] [Server thread/INFO]: Preparing start region for dimension minecraft:the_nether
[20:53:16] [Server thread/INFO]: Time elapsed: 319 ms
[20:53:16] [Server thread/INFO]: Preparing start region for dimension minecraft:the_end
[20:53:17] [Server thread/INFO]: Time elapsed: 211 ms
[20:53:17] [Server thread/INFO]: [ViaVersion] Enabling ViaVersion v5.1.1
[20:53:17] [Server thread/INFO]: [ViaVersion] ViaVersion detected server version: 1.21-1.21.1 (767)
[20:53:17] [Server thread/INFO]: [Essentials] Enabling Essentials v2.21.0-dev+121-f7a8f86
[20:53:17] [Server thread/INFO]: [Essentials] Attempting to convert old kits in config.yml to new kits.yml
[20:53:17] [Server thread/INFO]: [Essentials] No kits found to migrate.
[20:53:18] [Server thread/INFO]: [Essentials] Loaded 42679 items from items.json.
[20:53:18] [Server thread/INFO]: [Essentials] Using locale en_US
[20:53:18] [Server thread/INFO]: [Essentials] ServerListPingEvent: Spigot iterator API
[20:53:19] [Server thread/INFO]: [Essentials] Starting Metrics. Opt-out using the global bStats config.
[20:53:19] [Server thread/INFO]: [Vault] [Economy] Essentials Economy hooked.
[20:53:19] [Server thread/INFO]: [Essentials] Using Vault based permissions (LuckPerms)
[20:53:19] [Server thread/INFO]: [PlaceholderAPI] Enabling PlaceholderAPI v2.11.6
[20:53:19] [Server thread/INFO]: [PlaceholderAPI] Fetching available expansion information...
[20:53:19] [Server thread/INFO]: [WorldGuard] Enabling WorldGuard v7.0.12+829a4a4
[20:53:20] [Server thread/INFO]: [WorldGuard] (world) TNT ignition is PERMITTED.
[20:53:20] [Server thread/INFO]: [WorldGuard] (world) Lighters are PERMITTED.
[20:53:20] [Server thread/INFO]: [WorldGuard] (world) Lava fire is PERMITTED.
[20:53:20] [Server thread/INFO]: [WorldGuard] (world) Fire spread is UNRESTRICTED.
[20:53:20] [Server thread/INFO]: [WorldGuard] Loaded configuration for world 'world'
[20:53:20] [Server thread/INFO]: [WorldGuard] (world_nether) TNT ignition is PERMITTED.
[20:53:20] [Server thread/INFO]: [WorldGuard] (world_nether) Lighters are PERMITTED.
[20:53:20] [Server thread/INFO]: [WorldGuard] (world_nether) Lava fire is PERMITTED.
[20:53:20] [Server thread/INFO]: [WorldGuard] (world_nether) Fire spread is UNRESTRICTED.
[20:53:20] [Server thread/INFO]: [WorldGuard] Loaded configuration for world 'world_nether'
[20:53:20] [Server thread/INFO]: [WorldGuard] (world_the_end) TNT ignition is PERMITTED.
[20:53:20] [Server thread/INFO]: [WorldGuard] (world_the_end) Lighters are PERMITTED.
[20:53:20] [Server thread/INFO]: [WorldGuard] (world_the_end) Lava fire is PERMITTED.
[20:53:20] [Server thread/INFO]: [WorldGuard] (world_the_end) Fire spread is UNRESTRICTED.
[20:53:20] [Server thread/INFO]: [WorldGuard] Loaded configuration for world 'world_the_end'
[20:53:20] [Server thread/INFO]: [WorldGuard] Loading region data...
[20:53:20] [Server thread/INFO]: [NBTAPI] Enabling NBTAPI v2.14.0
[20:53:20] [Server thread/INFO]: [NBTAPI] Checking bindings...
[20:53:20] [Server thread/INFO]: [NBTAPI] All Classes were able to link!
[20:53:20] [Server thread/INFO]: [NBTAPI] All Methods were able to link!
[20:53:20] [Server thread/INFO]: [NBTAPI] Running NBT reflection test...
[20:53:22] [Server thread/INFO]: [NBTAPI] Success! This version of NBT-API is compatible with your server.
[20:53:22] [Server thread/INFO]: [EssentialsChat] Enabling EssentialsChat v2.21.0-dev+121-f7a8f86
[20:53:22] [Server thread/INFO]: [EssentialsChat] Starting Metrics. Opt-out using the global bStats config.
[20:53:22] [Server thread/INFO]: [Multiverse-Core] Enabling Multiverse-Core v4.3.13
[20:53:22] [Server thread/WARN]: [Multiverse-Core] "Multiverse-Core v4.3.13" has registered a listener for org.bukkit.event.entity.EntityCreatePortalEvent on method "public void com.onarandombox.MultiverseCore.listeners.MVPortalListener.entityPortalCreate(org.bukkit.event.entity.EntityCreatePortalEvent)", but the event is Deprecated. "Server performance will be affected"; please notify the authors [dumptruckman, Rigby, fernferret, lithium3141, main--].
[20:53:22] [Server thread/INFO]: [Multiverse-Core] §aWe are aware of the warning about the deprecated event. There is no alternative that allows us to do what we need to do and performance impact is negligible. It is safe to ignore.
[20:53:22] [Server thread/INFO]: Preparing start region for dimension minecraft:spawnworld
[20:53:23] [Server thread/INFO]: Time elapsed: 455 ms
[20:53:23] [Server thread/INFO]: [WorldGuard] (spawnworld) TNT ignition is PERMITTED.
[20:53:23] [Server thread/INFO]: [WorldGuard] (spawnworld) Lighters are PERMITTED.
[20:53:23] [Server thread/INFO]: [WorldGuard] (spawnworld) Lava fire is PERMITTED.
[20:53:23] [Server thread/INFO]: [WorldGuard] (spawnworld) Fire spread is UNRESTRICTED.
[20:53:23] [Server thread/INFO]: [WorldGuard] Loaded configuration for world 'spawnworld'
[20:53:23] [Server thread/INFO]: [Multiverse-Core] 4 - World(s) loaded.
[20:53:23] [Server thread/WARN]: [Multiverse-Core] Buscript failed to load! The script command will be disabled! If you would like not to see this message, use `/mv conf enablebuscript false` to disable Buscript from loading.
[20:53:23] [Server thread/INFO]: [Multiverse-Core] Version 4.3.13 (API v24) Enabled - By dumptruckman, Rigby, fernferret, lithium3141 and main--
[20:53:23] [Server thread/INFO]: [ViaBackwards] Enabling ViaBackwards v5.1.1
[20:53:23] [Server thread/INFO]: [ServersNPC] Enabling ServersNPC v4.8
[20:53:23] [Server thread/INFO]: [Skript] Enabling Skript v2.9.4
[20:53:24] [ForkJoinPool.commonPool-worker-1/INFO]: [Skript] You're currently running the latest stable version of Skript.
[20:53:42] [Server thread/INFO]: [Skript] Loaded 233074 aliases in 18201ms
[20:53:43] [Server thread/INFO]: [Skript]  ~ created by & © Peter Güttinger aka Njol ~
[20:53:43] [Server thread/INFO]: [SimpleGems] Enabling SimpleGems v3.7.0
[20:53:44] [Server thread/INFO]: [SimpleGems] Loaded all files.
[20:53:44] [Server thread/INFO]:  _____ _           _     _____                 Running v3.7.0
[20:53:44] [Server thread/INFO]: |   __|_|_____ ___| |___|   __|___ _____ ___   Server Paper v1.21.1-131-84281ce (MC: 1.21.1)
[20:53:44] [Server thread/INFO]: |__   | |     | . | | -_|  |  | -_|     |_ -|  Discord support: https://discord.gg/EFeSKPg739
[20:53:44] [Server thread/INFO]: |_____|_|_|_|_|  _|_|___|_____|___|_|_|_|___|  Thanks for using my plugin ❤ !
[20:53:44] [Server thread/INFO]:               |_|                            
[20:53:44] [Server thread/INFO]:         Developed by RefracDevelopment
[20:53:44] [Server thread/INFO]: 
[20:53:44] [Server thread/INFO]: [SimpleGems] Enabling SQLite support.
[20:53:44] [Server thread/INFO]: [SimpleGems] Managed to successfully connect to: /root/mcserver2/plugins/SimpleGems/gems.db!
[20:53:44] [Server thread/INFO]: [SimpleGems] SimpleGemsAPI has been enabled!
[20:53:44] [Server thread/INFO]: [SimpleGems] Wiki: https://refracdevelopment.gitbook.io/simplegems/
[20:53:44] [Server thread/INFO]: [SimpleGems] Loaded leaderboards.
[20:53:44] [Server thread/INFO]: [SimpleGems] Loaded managers.
[20:53:44] [Server thread/INFO]: [SimpleGems] Loaded commands.
[20:53:44] [Server thread/INFO]: [SimpleGems] Loaded listeners.
[20:53:44] [Server thread/INFO]: [PlaceholderAPI] Successfully registered internal expansion: SimpleGems [3.7.0]
[20:53:44] [Server thread/INFO]: [SimpleGems] Hooked into PlaceholderAPI for placeholders.
[20:53:44] [Server thread/INFO]: [EssentialsDiscord] Enabling EssentialsDiscord v2.21.0-dev+121-f7a8f86
[20:53:44] [Server thread/INFO]: [EssentialsDiscord] Starting Metrics. Opt-out using the global bStats config.
[20:53:44] [Server thread/INFO]: [EssentialsDiscord] Attempting to login to Discord...
[20:53:44] [Server thread/ERROR]: [EssentialsDiscord] An error occurred while logging into Discord, which has caused the plugin to disable itself: 
No token provided! Please follow the tutorial in the config in order to setup the plugin.
[20:53:44] [Server thread/INFO]: [CrazyAuctions] Enabling CrazyAuctions v1.5.1
[20:53:44] [Server thread/INFO]: [CrazyAuctions] Loading the config.yml
[20:53:44] [Server thread/INFO]: [CrazyAuctions] Successfully loaded config.yml
[20:53:44] [Server thread/INFO]: [CrazyAuctions] Loading the messages.yml
[20:53:44] [Server thread/INFO]: [CrazyAuctions] Successfully loaded messages.yml
[20:53:44] [Server thread/INFO]: [CrazyAuctions] Loading the test-file.yml
[20:53:44] [Server thread/INFO]: [CrazyAuctions] Successfully loaded test-file.yml
[20:53:44] [Server thread/INFO]: [CrazyAuctions] Loading the data.yml
[20:53:44] [Server thread/INFO]: [CrazyAuctions] Successfully loaded data.yml
[20:53:44] [Server thread/INFO]: [TabList] Enabling TabList v5.7.7
[20:53:44] [Server thread/INFO]: [TabList] Found PlaceholderAPI version: 2.11.6
[20:53:44] [Server thread/INFO]: [TabList] v5.7.7 on v1_21_1 (219ms)
[20:53:44] [Server thread/INFO]: [ExcellentCrates] Enabling ExcellentCrates v5.3.4
[20:53:44] [Server thread/INFO]: [ExcellentCrates] Powered by nightcore
[20:53:44] [Server thread/INFO]: [ExcellentCrates] Read database configuration...
[20:53:45] [Server thread/WARN]: [ExcellentCrates] You have no packet library plugins installed for the Holograms feature to work.
[20:53:45] [Server thread/WARN]: [ExcellentCrates] Please install one of the following plugins to enable crate holograms: packetevents or ProtocolLib
[20:53:45] [Server thread/INFO]: [com.zaxxer.hikari.HikariDataSource] HikariPool-2 - Starting...
[20:53:45] [Server thread/INFO]: [com.zaxxer.hikari.pool.HikariPool] HikariPool-2 - Added connection org.sqlite.jdbc4.JDBC4Connection@5ca62998
[20:53:45] [Server thread/INFO]: [com.zaxxer.hikari.HikariDataSource] HikariPool-2 - Start completed.
[20:53:45] [Server thread/INFO]: [ExcellentCrates] Registered currency: xp
[20:53:45] [Server thread/INFO]: [ExcellentCrates] Registered currency: levels
[20:53:45] [Server thread/INFO]: [ExcellentCrates] Registered currency: money
[20:53:45] [Server thread/INFO]: [ExcellentCrates] Registered currency: coinsengine_coins
[20:53:45] [Server thread/INFO]: Environment: Environment[sessionHost=https://sessionserver.mojang.com, servicesHost=https://api.minecraftservices.com, name=PROD]
[20:53:45] [Server thread/INFO]: [ExcellentCrates] Loaded 8 crate openings.
[20:53:45] [Server thread/INFO]: [ExcellentCrates] Loaded 0 crate keys.
[20:53:45] [Server thread/INFO]: [ExcellentCrates] Loaded 4 rarities!
[20:53:45] [Server thread/INFO]: [ExcellentCrates] Loaded 1 crates.
[20:53:45] [Server thread/INFO]: [ExcellentCrates] Loaded 1 crate menus.
[20:53:45] [Server thread/INFO]: [PlaceholderAPI] Successfully registered internal expansion: excellentcrates [5.3.4]
[20:53:45] [Server thread/INFO]: [ExcellentCrates] [DEBUG] Inject post-loading code...
[20:53:45] [Server thread/INFO]: [ExcellentCrates] Plugin loaded in 730 ms!
[20:53:45] [Server thread/INFO]: [Chunky] Enabling Chunky v1.4.10
[20:53:45] [Server thread/INFO]: [SimpleScore] Enabling SimpleScore v3.12.5
[20:53:46] [Server thread/INFO]: [SimpleScore] It looks like your server doesn't have ProtocolLib, install ProtocolLib for even better performance and compatibility with other plugins.
[20:53:46] [Server thread/INFO]: [SimpleScore] https://www.spigotmc.org/resources/protocollib.1997/
[20:53:46] [Server thread/INFO]: [PlaceholderAPI] Successfully registered internal expansion: SimpleScore [3.12.5]
[20:53:46] [Server thread/INFO]: [DecentHolograms] Enabling DecentHolograms v2.8.11
[20:53:46] [Server thread/INFO]: [NBTAPI] [NBTAPI] Found Minecraft: 1.21.1! Trying to find NMS support
[20:53:46] [Server thread/INFO]: [NBTAPI] [NBTAPI] NMS support 'MC1_21_R1' loaded!
[20:53:46] [Server thread/INFO]: [NBTAPI] [NBTAPI] Using the plugin 'DecentHolograms' to create a bStats instance!
[20:53:46] [Server thread/INFO]: [EssentialsSpawn] Enabling EssentialsSpawn v2.21.0-dev+121-f7a8f86
[20:53:46] [Server thread/INFO]: [EssentialsSpawn] Starting Metrics. Opt-out using the global bStats config.
[20:53:46] [Server thread/INFO]: [EconomyShopGUI] Enabling EconomyShopGUI v6.9.0
[20:53:46] [Server thread/INFO]: [EconomyShopGUI] [INFO]: Using lang-en.yml as language file.
[20:53:46] [Server thread/INFO]: [EconomyShopGUI] [INFO]: Completed loading 16 section configs from /sections/
[20:53:46] [Server thread/INFO]: [EconomyShopGUI] [INFO]: Completed loading 16 shop configs from /shops/
[20:53:46] [Server thread/INFO]: [EconomyShopGUI] [INFO]: Updating Shop settings...
[20:53:46] [Server thread/INFO]: [EconomyShopGUI] [INFO]: Successfully hooked into Vault
[20:53:46] [Server thread/INFO]: [EconomyShopGUI] [INFO]: Completed loading 1 economy provider(s) for all 14 shop sections.
[20:53:46] [Server thread/INFO]: [EconomyShopGUI] [INFO]: Using minecraft version 1.21.1...
[20:53:46] [Server thread/INFO]: [EconomyShopGUI] [INFO]: Spawner provider set to AUTO in config
[20:53:46] [Server thread/INFO]: [EconomyShopGUI] [INFO]: Automatically searching for compatible spawner provider....
[20:53:46] [Server thread/INFO]: [EconomyShopGUI] [INFO]: Failed to automatically find compatible spawner provider, using default...
[20:53:47] [Server thread/INFO]: [PlaceholderAPI] Successfully registered internal expansion: esgui [1.0.0]
[20:53:47] [Server thread/INFO]: [EconomyShopGUI] [INFO]: Debug mode is enabled.
[20:53:47] [Server thread/INFO]: [EconomyShopGUI] [INFO]: Loading all items...
[20:53:47] [Server thread/INFO]: [EconomyShopGUI] [INFO]: Initialized - Took 583ms to complete
[20:53:47] [Server thread/INFO]: [spark] Starting background profiler...
[20:53:48] [Server thread/INFO]: [PlaceholderAPI] Placeholder expansion registration initializing...
[20:53:48] [Server thread/INFO]: Done preparing level "world" (34.285s)
[20:53:48] [Server thread/INFO]: Running delayed init tasks
[20:53:48] [Server thread/INFO]: [Essentials] Essentials found a compatible payment resolution method: Vault Compatibility Layer (v1.7.3-b131)!
[20:53:48] [Craft Scheduler Thread - 5 - ViaVersion/INFO]: [ViaVersion] Finished mapping loading, shutting down loader executor.
[20:53:48] [Craft Scheduler Thread - 4 - Essentials/INFO]: [Essentials] Fetching version information...
[20:53:48] [Craft Scheduler Thread - 11 - DecentHolograms/INFO]: [DecentHolograms] Loading holograms... 
[20:53:48] [Craft Scheduler Thread - 13 - Vault/INFO]: [Vault] Checking for Updates ... 
[20:53:48] [Craft Scheduler Thread - 10 - SimpleGems/INFO]: [SimpleGems] SimpleGems is on the latest version.
[20:53:48] [Server thread/INFO]: [Skript] Loading variables...
[20:53:48] [Craft Scheduler Thread - 11 - DecentHolograms/INFO]: [DecentHolograms] Loaded 1 holograms!
[20:53:48] [Craft Scheduler Thread - 13 - Vault/INFO]: [Vault] No new version available
[20:53:48] [Server thread/INFO]: [Skript] Loaded 2 variables in 0.0 seconds
[20:53:48] [Server thread/INFO]: [Skript] Line 7: (setdaycount.sk)
[20:53:48] [Server thread/INFO]:     Can't understand this condition/effect: set totalDays to {day.count} * 24000
[20:53:48] [Server thread/INFO]:     Line: set totalDays to {day.count} * 24000# Each day in Minecraft is 24000 ticks
[20:53:48] [Server thread/INFO]:  
[20:53:48] [Server thread/INFO]: [Skript] Line 10: (setdaycount.sk)
[20:53:48] [Server thread/INFO]:     Can't understand this expression: totalDays
[20:53:48] [Server thread/INFO]:     Line: execute console command "time add %totalDays%"# Add the number of ticks to set the total days
[20:53:48] [Server thread/INFO]:  
[20:53:48] [Server thread/INFO]: [Skript] Line 12: (troll.sk)
[20:53:48] [Server thread/INFO]:     Can't understand this expression: 'blindness for 10 seconds'
[20:53:48] [Server thread/INFO]:     Line: give {_target} blindness for 10 seconds
[20:53:48] [Server thread/INFO]:  
[20:53:48] [Server thread/INFO]: [Skript] Line 16: (troll.sk)
[20:53:48] [Server thread/INFO]:     Can't understand this condition/effect: spawn tnt at {_loc} offset by 0, 1, 0
[20:53:48] [Server thread/INFO]:     Line: spawn tnt at {_loc} offset by 0, 1, 0
[20:53:48] [Server thread/INFO]:  
[20:53:48] [Server thread/INFO]: [Skript] Loaded 4 scripts with a total of 4 structures in 0.44 seconds
[20:53:48] [Server thread/INFO]: [Skript] Finished loading.
[20:53:48] [Server thread/INFO]: [PlaceholderAPI] Successfully registered external expansion: vault [1.8.3]
[20:53:49] [Server thread/INFO]: [PlaceholderAPI] Successfully registered external expansion: luckperms [5.4-R2]
[20:53:49] [Server thread/INFO]: [PlaceholderAPI] Successfully registered external expansion: statistic [2.0.1]
[20:53:49] [Server thread/WARN]: [PlaceholderAPI] Cannot load expansion playertime due to a missing plugin: PlayerTime
[20:53:49] [Server thread/INFO]: [PlaceholderAPI] Successfully registered external expansion: player [2.0.8]
[20:53:49] [Server thread/INFO]: [PlaceholderAPI] Successfully registered external expansion: localtime [1.2]
[20:53:49] [Server thread/INFO]: [PlaceholderAPI] Successfully registered external expansion: server [2.7.3]
[20:53:49] [Server thread/WARN]: [PlaceholderAPI] Cannot load expansion playerstats due to a missing plugin: PlayerStats
[20:53:49] [Server thread/INFO]: 6 placeholder hook(s) registered!
[20:53:49] [Server thread/INFO]: Done (67.073s)! For help, type "help"
[20:53:49] [Server thread/INFO]: Timings Reset
[20:53:49] [Server thread/INFO]: m5ta (/145.82.124.0:58136) lost connection: Disconnected
[20:53:49] [Server thread/INFO]: ItsF1r3 (/84.24.48.106:52548) lost connection: Disconnected
[20:53:49] [Server thread/INFO]: Jr_Oscar (/51.155.106.9:53796) lost connection: Disconnected
[20:53:59] [User Authenticator #0/INFO]: UUID of player Jr_Oscar is cc0bedcd-97b8-49e4-b3a4-5a4c20a5173c
[20:54:01] [Server thread/INFO]: Jr_Oscar joined the game
[20:54:01] [Server thread/INFO]: Jr_Oscar[/51.155.106.9:53799] logged in with entity id 103 at ([world]-1137.4303174588617, 81.0, -219.5660368144522)
[20:54:06] [User Authenticator #0/INFO]: UUID of player ItsF1r3 is 82c03a4f-459f-455f-9953-fc4ebc03a01d
[20:54:07] [Server thread/INFO]: ItsF1r3 joined the game
[20:54:07] [Server thread/INFO]: ItsF1r3[/84.24.48.106:52592] logged in with entity id 558 at ([world]-149.80020296799836, 68.0, -675.9283963880528)
[20:54:29] [Server thread/INFO]: Jr_Oscar hit the ground too hard
[20:54:34] [Server thread/INFO]: Jr_Oscar issued server command: /home
[20:55:17] [Server thread/INFO]: ItsF1r3 issued server command: /shop
[20:55:23] [User Authenticator #1/INFO]: UUID of player m5ta is d454722a-a777-463c-8af5-3b6323d63252
[20:55:24] [Server thread/INFO]: m5ta joined the game
[20:55:24] [Server thread/INFO]: m5ta[/145.82.124.0:58239] logged in with entity id 1355 at ([world]1184.2308652390752, 67.25220334025373, -1315.3803179299523)
[20:55:35] [Async Chat Thread - #1/INFO]: < ItsF1r3> can anyone donate 14 bucks?
[20:55:38] [Server thread/INFO]: Stopping server
[20:55:38] [Server thread/INFO]: [EconomyShopGUI] Disabling EconomyShopGUI v6.9.0
[20:55:38] [Server thread/INFO]: [EssentialsSpawn] Disabling EssentialsSpawn v2.21.0-dev+121-f7a8f86
[20:55:38] [Server thread/INFO]: [DecentHolograms] Disabling DecentHolograms v2.8.11
[20:55:38] [Server thread/INFO]: [SimpleScore] Disabling SimpleScore v3.12.5
[20:55:38] [Server thread/INFO]: [Chunky] Disabling Chunky v1.4.10
[20:55:38] [Server thread/INFO]: [ExcellentCrates] Disabling ExcellentCrates v5.3.4
[20:55:38] [Server thread/INFO]: [com.zaxxer.hikari.HikariDataSource] HikariPool-2 - Shutdown initiated...
[20:55:38] [Server thread/INFO]: [com.zaxxer.hikari.HikariDataSource] HikariPool-2 - Shutdown completed.
[20:55:38] [Server thread/INFO]: [TabList] Disabling TabList v5.7.7
[20:55:38] [Server thread/INFO]: [CrazyAuctions] Disabling CrazyAuctions v1.5.1
[20:55:38] [Server thread/INFO]: [EssentialsDiscord] Disabling EssentialsDiscord v2.21.0-dev+121-f7a8f86
[20:55:38] [Server thread/INFO]: [SimpleGems] Disabling SimpleGems v3.7.0
[20:55:38] [Server thread/INFO]: [Skript] Disabling Skript v2.9.4
[20:55:38] [Server thread/INFO]: [ServersNPC] Disabling ServersNPC v4.8
[20:55:38] [Server thread/INFO]: [ViaBackwards] Disabling ViaBackwards v5.1.1
[20:55:38] [Server thread/INFO]: [CoinsEngine] Disabling CoinsEngine v2.4.0
[20:55:38] [Server thread/INFO]: [com.zaxxer.hikari.HikariDataSource] HikariPool-1 - Shutdown initiated...
[20:55:38] [Server thread/INFO]: [com.zaxxer.hikari.HikariDataSource] HikariPool-1 - Shutdown completed.
[20:55:38] [Server thread/INFO]: [CoinsEngine] Currency unregistered: 'money'!
[20:55:38] [Server thread/INFO]: [CoinsEngine] Currency unregistered: 'coins'!
[20:55:38] [Server thread/INFO]: [Multiverse-Core] Disabling Multiverse-Core v4.3.13
[20:55:38] [Server thread/INFO]: [EssentialsChat] Disabling EssentialsChat v2.21.0-dev+121-f7a8f86
[20:55:38] [Server thread/INFO]: [NBTAPI] Disabling NBTAPI v2.14.0
[20:55:38] [Server thread/INFO]: [WorldGuard] Disabling WorldGuard v7.0.12+829a4a4
[20:55:38] [Server thread/INFO]: [WorldGuard] Shutting down executor and cancelling any pending tasks...
[20:55:38] [Server thread/INFO]: [nightcore] Disabling nightcore v2.7.0
[20:55:38] [Server thread/INFO]: [PlaceholderAPI] Disabling PlaceholderAPI v2.11.6
[20:55:38] [Server thread/INFO]: [Essentials] Disabling Essentials v2.21.0-dev+121-f7a8f86
[20:55:38] [Server thread/INFO]: [Vault] [Economy] Essentials Economy unhooked.
[20:55:38] [Server thread/INFO]: [WorldEdit] Disabling WorldEdit v7.3.8+6939-7d32b45
[20:55:38] [Server thread/INFO]: Unregistering com.sk89q.worldedit.bukkit.BukkitServerInterface from WorldEdit
[20:55:38] [Server thread/INFO]: [Vault] Disabling Vault v1.7.3-b131
[20:55:38] [Server thread/INFO]: [LuckPerms] Disabling LuckPerms v5.4.145
[20:55:38] [Server thread/INFO]: [LuckPerms] Starting shutdown process...
[20:55:38] [Server thread/INFO]: [LuckPerms] Closing storage...
[20:55:38] [Server thread/INFO]: [LuckPerms] Goodbye!
[20:55:38] [Server thread/INFO]: [ViaVersion] Disabling ViaVersion v5.1.1
[20:55:38] [Server thread/INFO]: [ViaVersion] ViaVersion has been disabled; uninjected the platform and shut down the scheduler.
[20:55:38] [Server thread/INFO]: Saving players
[20:55:38] [Server thread/INFO]: ItsF1r3 lost connection: Server closed
[20:55:38] [Server thread/INFO]: ItsF1r3 left the game
[20:55:38] [Server thread/INFO]: Jr_Oscar lost connection: Server closed
[20:55:39] [Server thread/INFO]: Jr_Oscar left the game
[20:55:39] [Server thread/INFO]: m5ta lost connection: Server closed
[20:55:39] [Server thread/INFO]: m5ta left the game
[20:55:39] [Server thread/INFO]: Saving worlds
[20:55:39] [Server thread/INFO]: Saving chunks for level 'ServerLevel[world]'/minecraft:overworld
[20:55:39] [Server thread/INFO]: [ChunkHolderManager] Waiting 60s for chunk system to halt for world 'world'
[20:55:39] [Server thread/INFO]: [ChunkHolderManager] Halted chunk system for world 'world'
[20:55:39] [Server thread/INFO]: [ChunkHolderManager] Saving all chunkholders for world 'world'
[20:55:43] [Server thread/INFO]: [ChunkHolderManager] Saved 2321 block chunks, 2102 entity chunks, 0 poi chunks in world 'world' in 4.13s
[20:55:43] [Server thread/INFO]: Saving chunks for level 'ServerLevel[world_nether]'/minecraft:the_nether
[20:55:43] [Server thread/INFO]: [ChunkHolderManager] Waiting 60s for chunk system to halt for world 'world_nether'
[20:55:43] [Server thread/INFO]: [ChunkHolderManager] Halted chunk system for world 'world_nether'
[20:55:43] [Server thread/INFO]: [ChunkHolderManager] Saving all chunkholders for world 'world_nether'
[20:55:43] [Server thread/INFO]: [ChunkHolderManager] Saved 49 block chunks, 49 entity chunks, 0 poi chunks in world 'world_nether' in 0.07s
[20:55:43] [Server thread/INFO]: Saving chunks for level 'ServerLevel[world_the_end]'/minecraft:the_end
[20:55:43] [Server thread/INFO]: [ChunkHolderManager] Waiting 60s for chunk system to halt for world 'world_the_end'
[20:55:43] [Server thread/INFO]: [ChunkHolderManager] Halted chunk system for world 'world_the_end'
[20:55:43] [Server thread/INFO]: [ChunkHolderManager] Saving all chunkholders for world 'world_the_end'
[20:55:43] [Server thread/INFO]: [ChunkHolderManager] Saved 49 block chunks, 49 entity chunks, 0 poi chunks in world 'world_the_end' in 0.03s
[20:55:43] [Server thread/INFO]: Saving chunks for level 'ServerLevel[spawnworld]'/minecraft:spawnworld
[20:55:43] [Server thread/INFO]: [ChunkHolderManager] Waiting 60s for chunk system to halt for world 'spawnworld'
[20:55:43] [Server thread/INFO]: [ChunkHolderManager] Halted chunk system for world 'spawnworld'
[20:55:43] [Server thread/INFO]: [ChunkHolderManager] Saving all chunkholders for world 'spawnworld'
[20:55:43] [Server thread/INFO]: [ChunkHolderManager] Saved 296 block chunks, 296 entity chunks, 0 poi chunks in world 'spawnworld' in 0.28s
[20:55:43] [Server thread/INFO]: ThreadedAnvilChunkStorage (world): All chunks are saved
[20:55:43] [Server thread/INFO]: ThreadedAnvilChunkStorage (DIM-1): All chunks are saved
[20:55:43] [Server thread/INFO]: ThreadedAnvilChunkStorage (DIM1): All chunks are saved
[20:55:43] [Server thread/INFO]: ThreadedAnvilChunkStorage (spawnworld): All chunks are saved
[20:55:43] [Server thread/INFO]: ThreadedAnvilChunkStorage: All dimensions are saved
